3.658687 4.248054 -1.619996 17.91938
3.658687 4.248054 -1.619996 17.91938
3.661641 4.238413 -1.51917 17.15347
3.661641 4.238413 -1.51917 17.15347
3.661641 4.238413 -1.51917 17.15347
3.664652 4.246394 -1.58347 17.77253
3.664652 4.246394 -1.58347 17.77253
3.664652 4.246394 -1.58347 17.77253
3.664652 4.246394 -1.58347 17.77253
3.664652 4.246394 -1.58347 17.77253
3.664652 4.246394 -1.58347 17.77253
3.664652 4.246394 -1.58347 17.77253
3.664652 4.246394 -1.58347 17.77253
3.664652 4.246394 -1.58347 17.77253
3.664652 4.246394 -1.58347 17.77253
3.664652 4.246394 -1.58347 17.77253
3.664652 4.246394 -1.58347 17.77253
3.664652 4.246394 -1.58347 17.77253
3.663696 4.256692 -1.63758 17.48254
3.663696 4.256692 -1.63758 17.48254
3.663696 4.256692 -1.63758 17.48254
3.663696 4.256692 -1.63758 17.48254
3.663696 4.256692 -1.63758 17.48254
3.663696 4.256692 -1.63758 17.48254
3.663696 4.256692 -1.63758 17.48254
3.663696 4.256692 -1.63758 17.48254
3.645807 4.254007 -1.654518 17.03937
3.645807 4.254007 -1.654518 17.03937
3.645807 4.254007 -1.654518 17.03937
3.645807 4.254007 -1.654518 17.03937
3.645807 4.254007 -1.654518 17.03937
3.645807 4.254007 -1.654518 17.03937
3.645807 4.254007 -1.654518 17.03937
3.645807 4.254007 -1.654518 17.03937
3.645807 4.254007 -1.654518 17.03937
3.645807 4.254007 -1.654518 17.03937
3.645807 4.254007 -1.654518 17.03937
3.645807 4.254007 -1.654518 17.03937
3.645807 4.254007 -1.654518 17.03937
3.645807 4.254007 -1.654518 17.03937
3.645807 4.254007 -1.654518 17.03937
3.645807 4.254007 -1.654518 17.03937
3.645807 4.254007 -1.654518 17.03937
3.645807 4.254007 -1.654518 17.03937
3.645807 4.254007 -1.654518 17.03937
3.645807 4.254007 -1.654518 17.03937
3.645807 4.254007 -1.654518 17.03937
3.645807 4.254007 -1.654518 17.03937
3.645807 4.254007 -1.654518 17.03937
3.645807 4.254007 -1.654518 17.03937
3.645807 4.254007 -1.654518 17.03937
3.645807 4.254007 -1.654518 17.03937
3.644798 4.233224 -1.544834 16.69945
3.644798 4.233224 -1.544834 16.69945
3.644798 4.233224 -1.544834 16.69945
3.644798 4.233224 -1.544834 16.69945
3.673392 4.240004 -1.644653 16.44018
3.673392 4.240004 -1.644653 16.44018
3.673392 4.240004 -1.644653 16.44018
3.673392 4.240004 -1.644653 16.44018
3.650554 4.249103 -1.619531 17.73644
3.650554 4.249103 -1.619531 17.73644
3.650554 4.249103 -1.619531 17.73644
3.650554 4.249103 -1.619531 17.73644
3.650554 4.249103 -1.619531 17.73644
3.650554 4.249103 -1.619531 17.73644
3.650554 4.249103 -1.619531 17.73644
3.650554 4.249103 -1.619531 17.73644
3.650554 4.249103 -1.619531 17.73644
3.650554 4.249103 -1.619531 17.73644
3.650554 4.249103 -1.619531 17.73644
3.650554 4.249103 -1.619531 17.73644
3.650554 4.249103 -1.619531 17.73644
3.650554 4.249103 -1.619531 17.73644
3.650554 4.249103 -1.619531 17.73644
3.650554 4.249103 -1.619531 17.73644
3.650554 4.249103 -1.619531 17.73644
3.650554 4.249103 -1.619531 17.73644
3.650554 4.249103 -1.619531 17.73644
3.650554 4.249103 -1.619531 17.73644
3.650554 4.249103 -1.619531 17.73644
3.653392 4.231064 -1.84639 14.15131
3.653392 4.231064 -1.84639 14.15131
3.624503 4.258685 -1.805278 11.55976
3.628412 4.229744 -1.821973 13.14641
3.628412 4.229744 -1.821973 13.14641
3.628412 4.229744 -1.821973 13.14641
3.628412 4.229744 -1.821973 13.14641
3.628412 4.229744 -1.821973 13.14641
3.628412 4.229744 -1.821973 13.14641
3.628412 4.229744 -1.821973 13.14641
3.628412 4.229744 -1.821973 13.14641
3.628412 4.229744 -1.821973 13.14641
3.628412 4.229744 -1.821973 13.14641
3.628412 4.229744 -1.821973 13.14641
3.628412 4.229744 -1.821973 13.14641
3.628412 4.229744 -1.821973 13.14641
3.628412 4.229744 -1.821973 13.14641
3.659874 4.26229 -1.783731 15.72558
3.659874 4.26229 -1.783731 15.72558
3.659874 4.26229 -1.783731 15.72558
3.659874 4.26229 -1.783731 15.72558
3.659874 4.26229 -1.783731 15.72558
3.659874 4.26229 -1.783731 15.72558
3.659874 4.26229 -1.783731 15.72558
3.659874 4.26229 -1.783731 15.72558
3.659874 4.26229 -1.783731 15.72558
3.659874 4.26229 -1.783731 15.72558
3.659874 4.26229 -1.783731 15.72558
3.659874 4.26229 -1.783731 15.72558
3.659874 4.26229 -1.783731 15.72558
3.659874 4.26229 -1.783731 15.72558
3.667111 4.238476 -1.65816 16.73203
3.667111 4.238476 -1.65816 16.73203
3.667111 4.238476 -1.65816 16.73203
3.667111 4.238476 -1.65816 16.73203
3.667111 4.238476 -1.65816 16.73203
3.667111 4.238476 -1.65816 16.73203
3.662404 4.24936 -1.668868 17.84685
3.676552 4.264711 -1.533226 16.39217
3.676552 4.264711 -1.533226 16.39217
3.629506 4.27096 -1.555601 12.28939
3.629506 4.27096 -1.555601 12.28939
3.608243 4.230095 -1.510023 13.73086
3.608243 4.230095 -1.510023 13.73086
3.669581 4.224831 -1.320223 13.89325
3.669581 4.224831 -1.320223 13.89325
3.656832 4.270998 -1.254838 14.62059
3.656832 4.270998 -1.254838 14.62059
3.647898 4.227755 -1.312805 15.35096
3.678621 4.258428 -1.304411 16.05207
3.678621 4.258428 -1.304411 16.05207
3.678621 4.258428 -1.304411 16.05207
3.678621 4.258428 -1.304411 16.05207
3.678621 4.258428 -1.304411 16.05207
3.689583 4.246792 -1.526097 15.56581
3.670902 4.229936 -1.617403 14.41004
3.687398 4.245225 -1.624283 15.38036
3.640566 4.250246 -1.651194 16.98352
3.640566 4.250246 -1.651194 16.98352
3.640566 4.250246 -1.651194 16.98352
3.640566 4.250246 -1.651194 16.98352
3.640566 4.250246 -1.651194 16.98352
3.640566 4.250246 -1.651194 16.98352
3.640566 4.250246 -1.651194 16.98352
3.640566 4.250246 -1.651194 16.98352
3.640566 4.250246 -1.651194 16.98352
3.640566 4.250246 -1.651194 16.98352
3.640566 4.250246 -1.651194 16.98352
3.640566 4.250246 -1.651194 16.98352
3.640566 4.250246 -1.651194 16.98352
3.640566 4.250246 -1.651194 16.98352
3.640566 4.250246 -1.651194 16.98352
3.640566 4.250246 -1.651194 16.98352
3.640566 4.250246 -1.651194 16.98352
3.640566 4.250246 -1.651194 16.98352
3.640566 4.250246 -1.651194 16.98352
3.640566 4.250246 -1.651194 16.98352
3.640566 4.250246 -1.651194 16.98352
3.640566 4.250246 -1.651194 16.98352
3.640566 4.250246 -1.651194 16.98352
3.640566 4.250246 -1.651194 16.98352
3.640566 4.250246 -1.651194 16.98352
3.640566 4.250246 -1.651194 16.98352
3.650283 4.244355 -1.640739 17.74286
3.664637 4.246471 -1.580294 17.77295
3.664637 4.246471 -1.580294 17.77295
3.664637 4.246471 -1.580294 17.77295
3.664637 4.246471 -1.580294 17.77295
3.664637 4.246471 -1.580294 17.77295
3.664637 4.246471 -1.580294 17.77295
3.664637 4.246471 -1.580294 17.77295
3.664637 4.246471 -1.580294 17.77295
3.664637 4.246471 -1.580294 17.77295
3.664637 4.246471 -1.580294 17.77295
3.664637 4.246471 -1.580294 17.77295
3.664637 4.246471 -1.580294 17.77295
3.664637 4.246471 -1.580294 17.77295
3.664637 4.246471 -1.580294 17.77295
3.664637 4.246471 -1.580294 17.77295
3.664637 4.246471 -1.580294 17.77295
3.664637 4.246471 -1.580294 17.77295
3.664637 4.246471 -1.580294 17.77295
3.664637 4.246471 -1.580294 17.77295
3.664637 4.246471 -1.580294 17.77295
3.664637 4.246471 -1.580294 17.77295
3.664637 4.246471 -1.580294 17.77295
3.664637 4.246471 -1.580294 17.77295
3.664637 4.246471 -1.580294 17.77295
3.664637 4.246471 -1.580294 17.77295
3.664637 4.246471 -1.580294 17.77295
3.678379 4.265077 -1.536879 16.27521
3.61268 4.237251 -1.637715 13.9183
3.61268 4.237251 -1.637715 13.9183
3.61268 4.237251 -1.637715 13.9183
3.61268 4.237251 -1.637715 13.9183
3.61268 4.237251 -1.637715 13.9183
3.61268 4.237251 -1.637715 13.9183
3.61268 4.237251 -1.637715 13.9183
3.61268 4.237251 -1.637715 13.9183
3.61268 4.237251 -1.637715 13.9183
3.630772 4.250251 -1.556637 16.22194
3.630772 4.250251 -1.556637 16.22194
3.641932 4.252698 -1.330888 16.26498
3.641932 4.252698 -1.330888 16.26498
3.641932 4.252698 -1.330888 16.26498
3.641932 4.252698 -1.330888 16.26498
3.641932 4.252698 -1.330888 16.26498
3.641932 4.252698 -1.330888 16.26498
3.641932 4.252698 -1.330888 16.26498
3.641932 4.252698 -1.330888 16.26498
3.641932 4.252698 -1.330888 16.26498
3.641932 4.252698 -1.330888 16.26498
3.641932 4.252698 -1.330888 16.26498
3.641932 4.252698 -1.330888 16.26498
3.641932 4.252698 -1.330888 16.26498
3.641932 4.252698 -1.330888 16.26498
3.703055 4.27251 -1.285581 13.60742
3.703055 4.27251 -1.285581 13.60742
3.703055 4.27251 -1.285581 13.60742
3.703055 4.27251 -1.285581 13.60742
3.703055 4.27251 -1.285581 13.60742
3.703055 4.27251 -1.285581 13.60742
3.617297 4.234661 -1.387089 15.09263
3.617297 4.234661 -1.387089 15.09263
3.68077 4.244522 -1.554213 16.44126
3.68077 4.244522 -1.554213 16.44126
3.68077 4.244522 -1.554213 16.44126
3.68077 4.244522 -1.554213 16.44126
3.68077 4.244522 -1.554213 16.44126
3.68077 4.244522 -1.554213 16.44126
3.68077 4.244522 -1.554213 16.44126
3.68077 4.244522 -1.554213 16.44126
3.663089 4.247946 -1.565392 17.83016
3.663089 4.247946 -1.565392 17.83016
3.663089 4.247946 -1.565392 17.83016
3.663089 4.247946 -1.565392 17.83016
3.663089 4.247946 -1.565392 17.83016
3.663089 4.247946 -1.565392 17.83016
3.663089 4.247946 -1.565392 17.83016
3.663089 4.247946 -1.565392 17.83016
3.663089 4.247946 -1.565392 17.83016
3.663089 4.247946 -1.565392 17.83016
3.663089 4.247946 -1.565392 17.83016
3.663089 4.247946 -1.565392 17.83016
3.663089 4.247946 -1.565392 17.83016
3.663089 4.247946 -1.565392 17.83016
3.663089 4.247946 -1.565392 17.83016
3.663089 4.247946 -1.565392 17.83016
3.663089 4.247946 -1.565392 17.83016
3.663089 4.247946 -1.565392 17.83016
3.663089 4.247946 -1.565392 17.83016
3.663089 4.247946 -1.565392 17.83016
3.663089 4.247946 -1.565392 17.83016
3.663089 4.247946 -1.565392 17.83016
3.663089 4.247946 -1.565392 17.83016
3.663089 4.247946 -1.565392 17.83016
3.663089 4.247946 -1.565392 17.83016
3.663089 4.247946 -1.565392 17.83016
3.675297 4.26723 -1.686302 15.46896
3.675297 4.26723 -1.686302 15.46896
3.663788 4.232203 -1.43239 15.97233
3.663788 4.232203 -1.43239 15.97233
3.649566 4.257835 -1.431535 16.70981
3.649566 4.257835 -1.431535 16.70981
3.655003 4.246929 -1.364205 17.01394
3.676764 4.245755 -1.328574 16.23044
3.676764 4.245755 -1.328574 16.23044
3.676764 4.245755 -1.328574 16.23044
3.676764 4.245755 -1.328574 16.23044
3.676764 4.245755 -1.328574 16.23044
3.676764 4.245755 -1.328574 16.23044
3.676764 4.245755 -1.328574 16.23044
3.665498 4.233921 -1.398274 16.05508
3.665498 4.233921 -1.398274 16.05508
3.666113 4.231927 -1.388761 15.67737
3.652484 4.237594 -1.444559 17.03396
3.652484 4.237594 -1.444559 17.03396
3.652484 4.237594 -1.444559 17.03396
3.652484 4.237594 -1.444559 17.03396
3.623873 4.246847 -1.378816 15.60573
3.623873 4.246847 -1.378816 15.60573
3.623873 4.246847 -1.378816 15.60573
3.623873 4.246847 -1.378816 15.60573
3.623873 4.246847 -1.378816 15.60573
3.623873 4.246847 -1.378816 15.60573
3.623873 4.246847 -1.378816 15.60573
3.623873 4.246847 -1.378816 15.60573
3.656489 4.259304 -1.395404 16.65828
3.656489 4.259304 -1.395404 16.65828
3.656489 4.259304 -1.395404 16.65828
3.656489 4.259304 -1.395404 16.65828
3.656489 4.259304 -1.395404 16.65828
3.656489 4.259304 -1.395404 16.65828
3.656489 4.259304 -1.395404 16.65828
3.670591 4.237904 -1.358093 16.11251
3.670591 4.237904 -1.358093 16.11251
3.670591 4.237904 -1.358093 16.11251
3.670591 4.237904 -1.358093 16.11251
3.670591 4.237904 -1.358093 16.11251
3.670591 4.237904 -1.358093 16.11251
3.670591 4.237904 -1.358093 16.11251
3.686848 4.218401 -1.25574 10.22019
3.713397 4.272915 -1.239366 12.51352
3.655014 4.255277 -1.217453 15.70586
3.655014 4.255277 -1.217453 15.70586
3.641273 4.258354 -1.392577 16.0728
3.640472 4.229489 -1.398675 15.8943
3.640472 4.229489 -1.398675 15.8943
3.640472 4.229489 -1.398675 15.8943
3.710808 4.27867 -1.427727 11.84294
3.710808 4.27867 -1.427727 11.84294
3.721735 4.273572 -1.358085 11.13946
3.721735 4.273572 -1.358085 11.13946
3.666032 4.272307 -1.490211 15.15146
3.666032 4.272307 -1.490211 15.15146
3.648621 4.231526 -1.520416 16.45978
3.648621 4.231526 -1.520416 16.45978
3.648621 4.231526 -1.520416 16.45978
3.648621 4.231526 -1.520416 16.45978
3.648621 4.231526 -1.520416 16.45978
3.658528 4.229082 -1.625802 15.35598
3.658528 4.229082 -1.625802 15.35598
3.658528 4.229082 -1.625802 15.35598
3.658528 4.229082 -1.625802 15.35598
3.643969 4.238571 -1.63191 17.21429
3.643969 4.238571 -1.63191 17.21429
3.643969 4.238571 -1.63191 17.21429
3.643969 4.238571 -1.63191 17.21429
3.643969 4.238571 -1.63191 17.21429
3.643969 4.238571 -1.63191 17.21429
3.643969 4.238571 -1.63191 17.21429
3.643969 4.238571 -1.63191 17.21429
3.628034 4.242242 -1.63228 16.10461
3.658485 4.258977 -1.725219 16.78357
3.658485 4.258977 -1.725219 16.78357
3.658485 4.258977 -1.725219 16.78357
3.658485 4.258977 -1.725219 16.78357
3.658485 4.258977 -1.725219 16.78357
3.658485 4.258977 -1.725219 16.78357
3.658485 4.258977 -1.725219 16.78357
3.658485 4.258977 -1.725219 16.78357
3.658485 4.258977 -1.725219 16.78357
3.658485 4.258977 -1.725219 16.78357
3.658485 4.258977 -1.725219 16.78357
3.658485 4.258977 -1.725219 16.78357
3.658485 4.258977 -1.725219 16.78357
3.658485 4.258977 -1.725219 16.78357
3.658485 4.258977 -1.725219 16.78357
3.658485 4.258977 -1.725219 16.78357
3.658485 4.258977 -1.725219 16.78357
3.658485 4.258977 -1.725219 16.78357
3.658485 4.258977 -1.725219 16.78357
3.658485 4.258977 -1.725219 16.78357
3.658485 4.258977 -1.725219 16.78357
3.647691 4.241744 -1.788161 16.93649
3.647691 4.241744 -1.788161 16.93649
3.647691 4.241744 -1.788161 16.93649
3.647691 4.241744 -1.788161 16.93649
3.647691 4.241744 -1.788161 16.93649
3.647691 4.241744 -1.788161 16.93649
3.647691 4.241744 -1.788161 16.93649
3.647691 4.241744 -1.788161 16.93649
3.647691 4.241744 -1.788161 16.93649
3.647691 4.241744 -1.788161 16.93649
3.647691 4.241744 -1.788161 16.93649
3.647691 4.241744 -1.788161 16.93649
3.647691 4.241744 -1.788161 16.93649
3.647691 4.241744 -1.788161 16.93649
3.647691 4.241744 -1.788161 16.93649
3.647691 4.241744 -1.788161 16.93649
3.647691 4.241744 -1.788161 16.93649
3.647691 4.241744 -1.788161 16.93649
3.647691 4.241744 -1.788161 16.93649
3.647691 4.241744 -1.788161 16.93649
3.647691 4.241744 -1.788161 16.93649
3.660681 4.238106 -1.734669 16.74562
3.655808 4.255186 -1.684033 17.39186
3.672413 4.241469 -1.654539 16.74789
3.672413 4.241469 -1.654539 16.74789
3.672413 4.241469 -1.654539 16.74789
3.672413 4.241469 -1.654539 16.74789
3.672413 4.241469 -1.654539 16.74789
3.672413 4.241469 -1.654539 16.74789
3.627503 4.23596 -1.583559 16.00329
3.627503 4.23596 -1.583559 16.00329
3.627503 4.23596 -1.583559 16.00329
3.627503 4.23596 -1.583559 16.00329
3.627503 4.23596 -1.583559 16.00329
3.627503 4.23596 -1.583559 16.00329
3.627503 4.23596 -1.583559 16.00329
3.627503 4.23596 -1.583559 16.00329
3.627503 4.23596 -1.583559 16.00329
3.627503 4.23596 -1.583559 16.00329
3.627503 4.23596 -1.583559 16.00329
3.627503 4.23596 -1.583559 16.00329
3.627503 4.23596 -1.583559 16.00329
3.627503 4.23596 -1.583559 16.00329
3.627503 4.23596 -1.583559 16.00329
3.627503 4.23596 -1.583559 16.00329
3.627503 4.23596 -1.583559 16.00329
3.627503 4.23596 -1.583559 16.00329
3.644043 4.236479 -1.744246 16.50982
3.644043 4.236479 -1.744246 16.50982
3.647932 4.246909 -1.802938 16.96952
3.647932 4.246909 -1.802938 16.96952
3.647932 4.246909 -1.802938 16.96952
3.647932 4.246909 -1.802938 16.96952
3.647932 4.246909 -1.802938 16.96952
3.647932 4.246909 -1.802938 16.96952
3.647932 4.246909 -1.802938 16.96952
3.647932 4.246909 -1.802938 16.96952
3.647932 4.246909 -1.802938 16.96952
3.647932 4.246909 -1.802938 16.96952
3.647932 4.246909 -1.802938 16.96952
3.647932 4.246909 -1.802938 16.96952
3.647932 4.246909 -1.802938 16.96952
3.647932 4.246909 -1.802938 16.96952
3.647932 4.246909 -1.802938 16.96952
3.647932 4.246909 -1.802938 16.96952
3.660317 4.239455 -2.004454 13.61205
3.660317 4.239455 -2.004454 13.61205
3.657609 4.263023 -1.871312 14.3163
3.639052 4.252755 -1.859874 14.84864
3.639052 4.252755 -1.859874 14.84864
3.639052 4.252755 -1.859874 14.84864
3.639052 4.252755 -1.859874 14.84864
3.675708 4.254714 -1.894453 15.31638
3.675708 4.254714 -1.894453 15.31638
3.670967 4.255008 -1.881612 15.88484
3.670967 4.255008 -1.881612 15.88484
3.664134 4.245973 -1.823543 16.95164
3.664134 4.245973 -1.823543 16.95164
3.664134 4.245973 -1.823543 16.95164
3.664134 4.245973 -1.823543 16.95164
3.664134 4.245973 -1.823543 16.95164
3.664134 4.245973 -1.823543 16.95164
3.664134 4.245973 -1.823543 16.95164
3.664134 4.245973 -1.823543 16.95164
3.664134 4.245973 -1.823543 16.95164
3.645516 4.24658 -1.858706 16.27511
3.645516 4.24658 -1.858706 16.27511
3.645516 4.24658 -1.858706 16.27511
3.645516 4.24658 -1.858706 16.27511
3.645516 4.24658 -1.858706 16.27511
3.645516 4.24658 -1.858706 16.27511
3.645516 4.24658 -1.858706 16.27511
3.645516 4.24658 -1.858706 16.27511
3.645516 4.24658 -1.858706 16.27511
3.645516 4.24658 -1.858706 16.27511
3.645516 4.24658 -1.858706 16.27511
3.645516 4.24658 -1.858706 16.27511
3.645516 4.24658 -1.858706 16.27511
3.681175 4.248668 -1.769233 15.83651
3.681175 4.248668 -1.769233 15.83651
3.681175 4.248668 -1.769233 15.83651
3.681175 4.248668 -1.769233 15.83651
3.670933 4.262296 -1.770821 15.95466
3.670933 4.262296 -1.770821 15.95466
3.620726 4.257185 -1.677994 13.07133
3.620726 4.257185 -1.677994 13.07133
3.620726 4.257185 -1.677994 13.07133
3.620726 4.257185 -1.677994 13.07133
3.620726 4.257185 -1.677994 13.07133
3.604364 4.241625 -1.631682 12.47612
3.604364 4.241625 -1.631682 12.47612
3.604364 4.241625 -1.631682 12.47612
3.605287 4.246207 -1.580957 12.85173
3.605287 4.246207 -1.580957 12.85173
3.605287 4.246207 -1.580957 12.85173
3.68005 4.280315 -1.414136 13.63616
3.68005 4.280315 -1.414136 13.63616
3.68005 4.280315 -1.414136 13.63616
3.68005 4.280315 -1.414136 13.63616
3.68005 4.280315 -1.414136 13.63616
3.686299 4.276223 -1.487151 14.13692
3.686299 4.276223 -1.487151 14.13692
3.646233 4.261938 -1.487574 16.14207
3.671388 4.253431 -1.487194 17.37166
3.671388 4.253431 -1.487194 17.37166
3.671388 4.253431 -1.487194 17.37166
3.671388 4.253431 -1.487194 17.37166
3.671388 4.253431 -1.487194 17.37166
3.671388 4.253431 -1.487194 17.37166
3.671388 4.253431 -1.487194 17.37166
3.671388 4.253431 -1.487194 17.37166
3.671388 4.253431 -1.487194 17.37166
3.684159 4.251282 -1.418891 16.36856
3.684159 4.251282 -1.418891 16.36856
3.652799 4.264299 -1.442235 16.0919
3.652799 4.264299 -1.442235 16.0919
3.652799 4.264299 -1.442235 16.0919
3.652799 4.264299 -1.442235 16.0919
3.652799 4.264299 -1.442235 16.0919
3.652799 4.264299 -1.442235 16.0919
3.652799 4.264299 -1.442235 16.0919
3.652799 4.264299 -1.442235 16.0919
3.68557 4.259334 -1.591745 16.28409
3.68557 4.259334 -1.591745 16.28409
3.68557 4.259334 -1.591745 16.28409
3.68557 4.259334 -1.591745 16.28409
3.68557 4.259334 -1.591745 16.28409
3.68557 4.259334 -1.591745 16.28409
3.633199 4.248019 -1.539119 16.62396
3.633199 4.248019 -1.539119 16.62396
3.633199 4.248019 -1.539119 16.62396
3.633199 4.248019 -1.539119 16.62396
3.633199 4.248019 -1.539119 16.62396
3.650893 4.245889 -1.389228 17.10788
3.650893 4.245889 -1.389228 17.10788
3.650893 4.245889 -1.389228 17.10788
3.650893 4.245889 -1.389228 17.10788
3.656365 4.250297 -1.449769 17.46118
3.656365 4.250297 -1.449769 17.46118
3.656365 4.250297 -1.449769 17.46118
3.656365 4.250297 -1.449769 17.46118
3.656365 4.250297 -1.449769 17.46118
3.656365 4.250297 -1.449769 17.46118
3.679988 4.244404 -1.55259 16.51798
3.679988 4.244404 -1.55259 16.51798
3.657779 4.239157 -1.599544 17.41814
3.657779 4.239157 -1.599544 17.41814
3.664146 4.245322 -1.565067 17.72142
3.664146 4.245322 -1.565067 17.72142
3.67552 4.241823 -1.624081 16.5637
3.67552 4.241823 -1.624081 16.5637
3.67552 4.241823 -1.624081 16.5637
3.67552 4.241823 -1.624081 16.5637
3.656265 4.265815 -1.569452 15.99755
3.656265 4.265815 -1.569452 15.99755
3.656265 4.265815 -1.569452 15.99755
3.673448 4.242442 -1.407945 16.60976
3.673448 4.242442 -1.407945 16.60976
3.673448 4.242442 -1.407945 16.60976
3.673448 4.242442 -1.407945 16.60976
3.673448 4.242442 -1.407945 16.60976
3.673448 4.242442 -1.407945 16.60976
3.673448 4.242442 -1.407945 16.60976
3.673448 4.242442 -1.407945 16.60976
3.673448 4.242442 -1.407945 16.60976
3.673448 4.242442 -1.407945 16.60976
3.673448 4.242442 -1.407945 16.60976
3.673448 4.242442 -1.407945 16.60976
3.673448 4.242442 -1.407945 16.60976
3.673448 4.242442 -1.407945 16.60976
3.673448 4.242442 -1.407945 16.60976
3.673448 4.242442 -1.407945 16.60976
3.673448 4.242442 -1.407945 16.60976
3.673448 4.242442 -1.407945 16.60976
3.673448 4.242442 -1.407945 16.60976
3.673448 4.242442 -1.407945 16.60976
3.673448 4.242442 -1.407945 16.60976
3.673448 4.242442 -1.407945 16.60976
3.673448 4.242442 -1.407945 16.60976
3.676914 4.262656 -1.462852 16.54207
3.655894 4.262963 -1.447898 16.41816
3.655894 4.262963 -1.447898 16.41816
3.655894 4.262963 -1.447898 16.41816
3.675681 4.252195 -1.274923 16.07925
3.675681 4.252195 -1.274923 16.07925
3.635554 4.239271 -1.176486 15.06475
3.635554 4.239271 -1.176486 15.06475
3.635554 4.239271 -1.176486 15.06475
3.635554 4.239271 -1.176486 15.06475
3.635554 4.239271 -1.176486 15.06475
3.635554 4.239271 -1.176486 15.06475
3.635554 4.239271 -1.176486 15.06475
3.635554 4.239271 -1.176486 15.06475
3.635554 4.239271 -1.176486 15.06475
3.635554 4.239271 -1.176486 15.06475
3.635554 4.239271 -1.176486 15.06475
3.635554 4.239271 -1.176486 15.06475
3.635554 4.239271 -1.176486 15.06475
3.635554 4.239271 -1.176486 15.06475
3.635554 4.239271 -1.176486 15.06475
3.635554 4.239271 -1.176486 15.06475
3.635554 4.239271 -1.176486 15.06475
3.635554 4.239271 -1.176486 15.06475
3.635554 4.239271 -1.176486 15.06475
3.635554 4.239271 -1.176486 15.06475
3.635554 4.239271 -1.176486 15.06475
3.635554 4.239271 -1.176486 15.06475
3.635554 4.239271 -1.176486 15.06475
3.635554 4.239271 -1.176486 15.06475
3.635554 4.239271 -1.176486 15.06475
3.635554 4.239271 -1.176486 15.06475
3.635554 4.239271 -1.176486 15.06475
3.635554 4.239271 -1.176486 15.06475
3.635554 4.239271 -1.176486 15.06475
3.635554 4.239271 -1.176486 15.06475
3.635554 4.239271 -1.176486 15.06475
3.697494 4.256094 -1.148972 13.94132
3.697494 4.256094 -1.148972 13.94132
3.639899 4.237649 -1.149946 14.90198
3.639899 4.237649 -1.149946 14.90198
3.654799 4.270899 -1.465269 15.05358
3.643517 4.225638 -1.483236 15.38683
3.643517 4.225638 -1.483236 15.38683
3.619332 4.235677 -1.471296 15.38116
3.619332 4.235677 -1.471296 15.38116
3.619332 4.235677 -1.471296 15.38116
3.619332 4.235677 -1.471296 15.38116
3.619332 4.235677 -1.471296 15.38116
3.619332 4.235677 -1.471296 15.38116
3.619332 4.235677 -1.471296 15.38116
3.619332 4.235677 -1.471296 15.38116
3.686069 4.252168 -1.565371 16.36679
3.686069 4.252168 -1.565371 16.36679
3.686069 4.252168 -1.565371 16.36679
3.686069 4.252168 -1.565371 16.36679
3.686069 4.252168 -1.565371 16.36679
3.686069 4.252168 -1.565371 16.36679
3.686069 4.252168 -1.565371 16.36679
3.686069 4.252168 -1.565371 16.36679
3.686069 4.252168 -1.565371 16.36679
3.686069 4.252168 -1.565371 16.36679
3.686069 4.252168 -1.565371 16.36679
3.686069 4.252168 -1.565371 16.36679
3.686069 4.252168 -1.565371 16.36679
3.699845 4.264914 -1.453225 14.59924
3.633347 4.214548 -1.186275 12.77783
3.673277 4.246894 -1.235908 15.78693
3.673277 4.246894 -1.235908 15.78693
3.673277 4.246894 -1.235908 15.78693
3.673277 4.246894 -1.235908 15.78693
3.673277 4.246894 -1.235908 15.78693
3.673277 4.246894 -1.235908 15.78693
3.673277 4.246894 -1.235908 15.78693
3.673277 4.246894 -1.235908 15.78693
3.673277 4.246894 -1.235908 15.78693
3.673277 4.246894 -1.235908 15.78693
3.673277 4.246894 -1.235908 15.78693
3.673277 4.246894 -1.235908 15.78693
3.673277 4.246894 -1.235908 15.78693
3.673277 4.246894 -1.235908 15.78693
3.673277 4.246894 -1.235908 15.78693
3.673277 4.246894 -1.235908 15.78693
3.673277 4.246894 -1.235908 15.78693
3.673277 4.246894 -1.235908 15.78693
3.673277 4.246894 -1.235908 15.78693
3.673277 4.246894 -1.235908 15.78693
3.673277 4.246894 -1.235908 15.78693
3.673277 4.246894 -1.235908 15.78693
3.673277 4.246894 -1.235908 15.78693
3.673277 4.246894 -1.235908 15.78693
3.673277 4.246894 -1.235908 15.78693
3.673277 4.246894 -1.235908 15.78693
3.673277 4.246894 -1.235908 15.78693
3.673277 4.246894 -1.235908 15.78693
3.644428 4.259649 -1.345362 15.91779
3.644428 4.259649 -1.345362 15.91779
3.644428 4.259649 -1.345362 15.91779
3.644428 4.259649 -1.345362 15.91779
3.644428 4.259649 -1.345362 15.91779
3.67392 4.242404 -1.377166 16.4389
3.67392 4.242404 -1.377166 16.4389
3.67392 4.242404 -1.377166 16.4389
3.67392 4.242404 -1.377166 16.4389
3.67392 4.242404 -1.377166 16.4389
3.67392 4.242404 -1.377166 16.4389
3.67392 4.242404 -1.377166 16.4389
3.67392 4.242404 -1.377166 16.4389
3.67392 4.242404 -1.377166 16.4389
3.67392 4.242404 -1.377166 16.4389
3.67392 4.242404 -1.377166 16.4389
3.67392 4.242404 -1.377166 16.4389
3.67392 4.242404 -1.377166 16.4389
3.67392 4.242404 -1.377166 16.4389
3.67392 4.242404 -1.377166 16.4389
3.671763 4.247256 -1.576594 17.46598
3.671763 4.247256 -1.576594 17.46598
3.671763 4.247256 -1.576594 17.46598
3.631928 4.248705 -1.697116 15.96135
3.631928 4.248705 -1.697116 15.96135
3.631928 4.248705 -1.697116 15.96135
3.631928 4.248705 -1.697116 15.96135
3.631928 4.248705 -1.697116 15.96135
3.631928 4.248705 -1.697116 15.96135
3.631928 4.248705 -1.697116 15.96135
3.631928 4.248705 -1.697116 15.96135
3.631928 4.248705 -1.697116 15.96135
3.631928 4.248705 -1.697116 15.96135
3.631928 4.248705 -1.697116 15.96135
3.631928 4.248705 -1.697116 15.96135
3.631928 4.248705 -1.697116 15.96135
3.631928 4.248705 -1.697116 15.96135
3.631928 4.248705 -1.697116 15.96135
3.668893 4.256255 -1.732707 17.14694
3.668893 4.256255 -1.732707 17.14694
3.669601 4.244508 -1.564363 17.41949
3.669601 4.244508 -1.564363 17.41949
3.669601 4.244508 -1.564363 17.41949
3.669601 4.244508 -1.564363 17.41949
3.669601 4.244508 -1.564363 17.41949
3.669601 4.244508 -1.564363 17.41949
3.669601 4.244508 -1.564363 17.41949
3.669601 4.244508 -1.564363 17.41949
3.669601 4.244508 -1.564363 17.41949
3.669601 4.244508 -1.564363 17.41949
3.669601 4.244508 -1.564363 17.41949
3.62389 4.254006 -1.593797 14.83528
3.613194 4.232904 -1.584315 14.16987
3.613194 4.232904 -1.584315 14.16987
3.613194 4.232904 -1.584315 14.16987
3.613194 4.232904 -1.584315 14.16987
3.613194 4.232904 -1.584315 14.16987
3.613194 4.232904 -1.584315 14.16987
3.613194 4.232904 -1.584315 14.16987
3.683149 4.245444 -1.640242 16.01686
3.683149 4.245444 -1.640242 16.01686
3.659792 4.261688 -1.679029 16.58282
3.659792 4.261688 -1.679029 16.58282
3.659792 4.261688 -1.679029 16.58282
3.659792 4.261688 -1.679029 16.58282
3.659792 4.261688 -1.679029 16.58282
3.659792 4.261688 -1.679029 16.58282
3.659792 4.261688 -1.679029 16.58282
3.659792 4.261688 -1.679029 16.58282
3.659792 4.261688 -1.679029 16.58282
3.659792 4.261688 -1.679029 16.58282
3.659792 4.261688 -1.679029 16.58282
3.659792 4.261688 -1.679029 16.58282
3.659792 4.261688 -1.679029 16.58282
3.659792 4.261688 -1.679029 16.58282
3.659792 4.261688 -1.679029 16.58282
3.659792 4.261688 -1.679029 16.58282
3.676688 4.257743 -1.731095 16.60365
3.676688 4.257743 -1.731095 16.60365
3.676688 4.257743 -1.731095 16.60365
3.676688 4.257743 -1.731095 16.60365
3.625612 4.23672 -1.74673 14.82564
3.657035 4.248962 -1.89403 16.43619
3.657035 4.248962 -1.89403 16.43619
3.657035 4.248962 -1.89403 16.43619
3.657035 4.248962 -1.89403 16.43619
3.657035 4.248962 -1.89403 16.43619
3.672678 4.259461 -1.777162 16.32168
3.672678 4.259461 -1.777162 16.32168
3.672678 4.259461 -1.777162 16.32168
3.672678 4.259461 -1.777162 16.32168
3.672678 4.259461 -1.777162 16.32168
3.672678 4.259461 -1.777162 16.32168
3.672678 4.259461 -1.777162 16.32168
3.638927 4.248786 -1.807806 15.96068
3.638927 4.248786 -1.807806 15.96068
3.638927 4.248786 -1.807806 15.96068
3.638927 4.248786 -1.807806 15.96068
3.638927 4.248786 -1.807806 15.96068
3.638927 4.248786 -1.807806 15.96068
3.638927 4.248786 -1.807806 15.96068
3.649308 4.239162 -1.735242 17.07842
3.649308 4.239162 -1.735242 17.07842
3.649308 4.239162 -1.735242 17.07842
3.649308 4.239162 -1.735242 17.07842
3.649308 4.239162 -1.735242 17.07842
3.649308 4.239162 -1.735242 17.07842
3.649308 4.239162 -1.735242 17.07842
3.649308 4.239162 -1.735242 17.07842
3.649308 4.239162 -1.735242 17.07842
3.649308 4.239162 -1.735242 17.07842
3.649308 4.239162 -1.735242 17.07842
3.649308 4.239162 -1.735242 17.07842
3.649308 4.239162 -1.735242 17.07842
3.649308 4.239162 -1.735242 17.07842
3.649308 4.239162 -1.735242 17.07842
3.649308 4.239162 -1.735242 17.07842
3.64719 4.24662 -1.80145 16.9376
3.64719 4.24662 -1.80145 16.9376
3.64719 4.24662 -1.80145 16.9376
3.64719 4.24662 -1.80145 16.9376
3.64719 4.24662 -1.80145 16.9376
3.64719 4.24662 -1.80145 16.9376
3.64719 4.24662 -1.80145 16.9376
3.64719 4.24662 -1.80145 16.9376
3.64719 4.24662 -1.80145 16.9376
3.64719 4.24662 -1.80145 16.9376
3.64719 4.24662 -1.80145 16.9376
3.64719 4.24662 -1.80145 16.9376
3.64719 4.24662 -1.80145 16.9376
3.64719 4.24662 -1.80145 16.9376
3.64719 4.24662 -1.80145 16.9376
3.64719 4.24662 -1.80145 16.9376
3.64719 4.24662 -1.80145 16.9376
3.64719 4.24662 -1.80145 16.9376
3.64719 4.24662 -1.80145 16.9376
3.64719 4.24662 -1.80145 16.9376
3.64719 4.24662 -1.80145 16.9376
3.64719 4.24662 -1.80145 16.9376
3.64719 4.24662 -1.80145 16.9376
3.64719 4.24662 -1.80145 16.9376
3.64719 4.24662 -1.80145 16.9376
3.64719 4.24662 -1.80145 16.9376
3.64719 4.24662 -1.80145 16.9376
3.64719 4.24662 -1.80145 16.9376
3.64719 4.24662 -1.80145 16.9376
3.64719 4.24662 -1.80145 16.9376
3.64719 4.24662 -1.80145 16.9376
3.64719 4.24662 -1.80145 16.9376
3.64719 4.24662 -1.80145 16.9376
3.64719 4.24662 -1.80145 16.9376
3.64719 4.24662 -1.80145 16.9376
3.64719 4.24662 -1.80145 16.9376
3.64719 4.24662 -1.80145 16.9376
3.64719 4.24662 -1.80145 16.9376
3.64719 4.24662 -1.80145 16.9376
3.64719 4.24662 -1.80145 16.9376
3.64719 4.24662 -1.80145 16.9376
3.64719 4.24662 -1.80145 16.9376
3.64719 4.24662 -1.80145 16.9376
3.64719 4.24662 -1.80145 16.9376
3.64719 4.24662 -1.80145 16.9376
3.64719 4.24662 -1.80145 16.9376
3.64719 4.24662 -1.80145 16.9376
3.64719 4.24662 -1.80145 16.9376
3.64719 4.24662 -1.80145 16.9376
3.64719 4.24662 -1.80145 16.9376
3.64719 4.24662 -1.80145 16.9376
3.64719 4.24662 -1.80145 16.9376
3.64719 4.24662 -1.80145 16.9376
3.64719 4.24662 -1.80145 16.9376
3.64719 4.24662 -1.80145 16.9376
3.64719 4.24662 -1.80145 16.9376
3.64719 4.24662 -1.80145 16.9376
3.64719 4.24662 -1.80145 16.9376
3.64719 4.24662 -1.80145 16.9376
3.64719 4.24662 -1.80145 16.9376
3.64719 4.24662 -1.80145 16.9376
3.64719 4.24662 -1.80145 16.9376
3.64719 4.24662 -1.80145 16.9376
3.64719 4.24662 -1.80145 16.9376
3.64719 4.24662 -1.80145 16.9376
3.64719 4.24662 -1.80145 16.9376
3.64719 4.24662 -1.80145 16.9376
3.64719 4.24662 -1.80145 16.9376
3.64719 4.24662 -1.80145 16.9376
3.64719 4.24662 -1.80145 16.9376
3.64719 4.24662 -1.80145 16.9376
3.64719 4.24662 -1.80145 16.9376
3.64719 4.24662 -1.80145 16.9376
3.64719 4.24662 -1.80145 16.9376
3.64719 4.24662 -1.80145 16.9376
3.64719 4.24662 -1.80145 16.9376
3.64719 4.24662 -1.80145 16.9376
3.64719 4.24662 -1.80145 16.9376
3.64719 4.24662 -1.80145 16.9376
3.64719 4.24662 -1.80145 16.9376
3.64719 4.24662 -1.80145 16.9376
3.64719 4.24662 -1.80145 16.9376
3.64719 4.24662 -1.80145 16.9376
3.64719 4.24662 -1.80145 16.9376
3.64719 4.24662 -1.80145 16.9376
3.649218 4.256574 -1.733132 16.59544
3.649218 4.256574 -1.733132 16.59544
3.649218 4.256574 -1.733132 16.59544
3.649218 4.256574 -1.733132 16.59544
3.649218 4.256574 -1.733132 16.59544
3.649218 4.256574 -1.733132 16.59544
3.648197 4.23457 -1.694027 16.59582
3.648197 4.23457 -1.694027 16.59582
3.648197 4.23457 -1.694027 16.59582
3.648197 4.23457 -1.694027 16.59582
3.648197 4.23457 -1.694027 16.59582
3.648197 4.23457 -1.694027 16.59582
3.648197 4.23457 -1.694027 16.59582
3.648197 4.23457 -1.694027 16.59582
3.648197 4.23457 -1.694027 16.59582
3.648197 4.23457 -1.694027 16.59582
3.648197 4.23457 -1.694027 16.59582
3.640354 4.254189 -1.738859 16.06315
3.640354 4.254189 -1.738859 16.06315
3.653947 4.224825 -1.600104 14.52271
3.687884 4.270866 -1.598848 14.59779
3.687884 4.270866 -1.598848 14.59779
3.687884 4.270866 -1.598848 14.59779
3.687884 4.270866 -1.598848 14.59779
3.687884 4.270866 -1.598848 14.59779
3.687884 4.270866 -1.598848 14.59779
3.687884 4.270866 -1.598848 14.59779
3.687884 4.270866 -1.598848 14.59779
3.687884 4.270866 -1.598848 14.59779
3.687884 4.270866 -1.598848 14.59779
3.687884 4.270866 -1.598848 14.59779
3.687884 4.270866 -1.598848 14.59779
3.687884 4.270866 -1.598848 14.59779
3.687884 4.270866 -1.598848 14.59779
3.687884 4.270866 -1.598848 14.59779
3.687884 4.270866 -1.598848 14.59779
3.687884 4.270866 -1.598848 14.59779
3.68827 4.252293 -1.773853 14.80064
3.635576 4.220043 -1.692045 12.39575
3.635576 4.220043 -1.692045 12.39575
3.620641 4.238437 -1.588945 15.36611
3.620641 4.238437 -1.588945 15.36611
3.674179 4.262001 -1.509649 16.77642
3.674179 4.262001 -1.509649 16.77642
3.674179 4.262001 -1.509649 16.77642
3.674179 4.262001 -1.509649 16.77642
3.674179 4.262001 -1.509649 16.77642
3.674179 4.262001 -1.509649 16.77642
3.642529 4.251173 -1.474524 17.02928
3.642529 4.251173 -1.474524 17.02928
3.642529 4.251173 -1.474524 17.02928
3.643636 4.253158 -1.585112 17.08399
3.643636 4.253158 -1.585112 17.08399
3.643636 4.253158 -1.585112 17.08399
3.643636 4.253158 -1.585112 17.08399
3.643636 4.253158 -1.585112 17.08399
3.643636 4.253158 -1.585112 17.08399
3.643636 4.253158 -1.585112 17.08399
3.643636 4.253158 -1.585112 17.08399
3.643636 4.253158 -1.585112 17.08399
3.643636 4.253158 -1.585112 17.08399
3.643636 4.253158 -1.585112 17.08399
3.643636 4.253158 -1.585112 17.08399
3.643636 4.253158 -1.585112 17.08399
3.643636 4.253158 -1.585112 17.08399
3.643636 4.253158 -1.585112 17.08399
3.643636 4.253158 -1.585112 17.08399
3.643636 4.253158 -1.585112 17.08399
3.643636 4.253158 -1.585112 17.08399
3.643636 4.253158 -1.585112 17.08399
3.643636 4.253158 -1.585112 17.08399
3.643636 4.253158 -1.585112 17.08399
3.643636 4.253158 -1.585112 17.08399
3.63125 4.246246 -1.632754 16.36026
3.63125 4.246246 -1.632754 16.36026
3.63125 4.246246 -1.632754 16.36026
3.63125 4.246246 -1.632754 16.36026
3.63125 4.246246 -1.632754 16.36026
3.673217 4.258337 -1.582946 17.19618
3.673217 4.258337 -1.582946 17.19618
3.673217 4.258337 -1.582946 17.19618
3.673217 4.258337 -1.582946 17.19618
3.673217 4.258337 -1.582946 17.19618
3.673217 4.258337 -1.582946 17.19618
3.673217 4.258337 -1.582946 17.19618
3.673217 4.258337 -1.582946 17.19618
3.673217 4.258337 -1.582946 17.19618
3.673217 4.258337 -1.582946 17.19618
3.673217 4.258337 -1.582946 17.19618
3.673217 4.258337 -1.582946 17.19618
3.673217 4.258337 -1.582946 17.19618
3.673217 4.258337 -1.582946 17.19618
3.673217 4.258337 -1.582946 17.19618
3.673217 4.258337 -1.582946 17.19618
3.673217 4.258337 -1.582946 17.19618
3.673217 4.258337 -1.582946 17.19618
3.673217 4.258337 -1.582946 17.19618
3.673217 4.258337 -1.582946 17.19618
3.673217 4.258337 -1.582946 17.19618
3.673217 4.258337 -1.582946 17.19618
3.673217 4.258337 -1.582946 17.19618
3.676458 4.250033 -1.519594 17.19024
3.676458 4.250033 -1.519594 17.19024
3.676458 4.250033 -1.519594 17.19024
3.676458 4.250033 -1.519594 17.19024
3.676458 4.250033 -1.519594 17.19024
3.676458 4.250033 -1.519594 17.19024
3.670862 4.259787 -1.516801 17.08721
3.631258 4.244111 -1.701867 16.10508
3.631258 4.244111 -1.701867 16.10508
3.631258 4.244111 -1.701867 16.10508
3.631258 4.244111 -1.701867 16.10508
3.631258 4.244111 -1.701867 16.10508
3.631258 4.244111 -1.701867 16.10508
3.631258 4.244111 -1.701867 16.10508
3.631258 4.244111 -1.701867 16.10508
3.631258 4.244111 -1.701867 16.10508
3.631258 4.244111 -1.701867 16.10508
3.631258 4.244111 -1.701867 16.10508
3.654735 4.246681 -1.612696 17.8862
3.654735 4.246681 -1.612696 17.8862
3.651648 4.267055 -1.581868 15.42547
3.637615 4.257835 -1.48656 16.06997
3.637615 4.257835 -1.48656 16.06997
3.637615 4.257835 -1.48656 16.06997
3.637615 4.257835 -1.48656 16.06997
3.637615 4.257835 -1.48656 16.06997
3.637615 4.257835 -1.48656 16.06997
3.637615 4.257835 -1.48656 16.06997
3.637151 4.279517 -1.285161 12.28394
3.666094 4.252868 -1.218999 15.83655
3.666094 4.252868 -1.218999 15.83655
3.666094 4.252868 -1.218999 15.83655
3.666094 4.252868 -1.218999 15.83655
3.666094 4.252868 -1.218999 15.83655
3.666094 4.252868 -1.218999 15.83655
3.666094 4.252868 -1.218999 15.83655
3.666094 4.252868 -1.218999 15.83655
3.666094 4.252868 -1.218999 15.83655
3.666094 4.252868 -1.218999 15.83655
3.666094 4.252868 -1.218999 15.83655
3.666094 4.252868 -1.218999 15.83655
3.666094 4.252868 -1.218999 15.83655
3.666094 4.252868 -1.218999 15.83655
3.666094 4.252868 -1.218999 15.83655
3.666094 4.252868 -1.218999 15.83655
3.666094 4.252868 -1.218999 15.83655
3.666094 4.252868 -1.218999 15.83655
3.666094 4.252868 -1.218999 15.83655
3.666094 4.252868 -1.218999 15.83655
3.666094 4.252868 -1.218999 15.83655
3.666094 4.252868 -1.218999 15.83655
3.666094 4.252868 -1.218999 15.83655
3.666094 4.252868 -1.218999 15.83655
3.666094 4.252868 -1.218999 15.83655
3.666094 4.252868 -1.218999 15.83655
3.666094 4.252868 -1.218999 15.83655
3.666094 4.252868 -1.218999 15.83655
3.666094 4.252868 -1.218999 15.83655
3.666094 4.252868 -1.218999 15.83655
3.666094 4.252868 -1.218999 15.83655
3.675185 4.239196 -1.36393 15.98311
3.675185 4.239196 -1.36393 15.98311
3.675185 4.239196 -1.36393 15.98311
3.675185 4.239196 -1.36393 15.98311
3.675185 4.239196 -1.36393 15.98311
3.675185 4.239196 -1.36393 15.98311
3.682259 4.250184 -1.173738 14.97439
3.648666 4.242158 -1.128101 14.95026
3.648666 4.242158 -1.128101 14.95026
3.648666 4.242158 -1.128101 14.95026
3.648666 4.242158 -1.128101 14.95026
3.631228 4.250499 -1.07629 13.90798
3.631228 4.250499 -1.07629 13.90798
3.631228 4.250499 -1.07629 13.90798
3.649084 4.24988 -1.297425 16.41437
3.649084 4.24988 -1.297425 16.41437
3.649084 4.24988 -1.297425 16.41437
3.649084 4.24988 -1.297425 16.41437
3.649084 4.24988 -1.297425 16.41437
3.649084 4.24988 -1.297425 16.41437
3.649084 4.24988 -1.297425 16.41437
3.649084 4.24988 -1.297425 16.41437
3.649084 4.24988 -1.297425 16.41437
3.649084 4.24988 -1.297425 16.41437
3.649084 4.24988 -1.297425 16.41437
3.649084 4.24988 -1.297425 16.41437
3.649084 4.24988 -1.297425 16.41437
3.649084 4.24988 -1.297425 16.41437
3.649084 4.24988 -1.297425 16.41437
3.649084 4.24988 -1.297425 16.41437
3.649084 4.24988 -1.297425 16.41437
3.649084 4.24988 -1.297425 16.41437
3.649084 4.24988 -1.297425 16.41437
3.649084 4.24988 -1.297425 16.41437
3.649084 4.24988 -1.297425 16.41437
3.620823 4.235809 -1.292264 15.07353
3.620823 4.235809 -1.292264 15.07353
3.620823 4.235809 -1.292264 15.07353
3.620823 4.235809 -1.292264 15.07353
3.620823 4.235809 -1.292264 15.07353
3.620823 4.235809 -1.292264 15.07353
3.620823 4.235809 -1.292264 15.07353
3.620823 4.235809 -1.292264 15.07353
3.620823 4.235809 -1.292264 15.07353
3.635475 4.274381 -1.333049 13.12493
3.635475 4.274381 -1.333049 13.12493
3.635475 4.274381 -1.333049 13.12493
3.635475 4.274381 -1.333049 13.12493
3.635475 4.274381 -1.333049 13.12493
3.592711 4.248837 -1.34786 12.05968
3.645275 4.21965 -1.353851 14.06406
3.645275 4.21965 -1.353851 14.06406
3.684078 4.254967 -1.33498 16.0444
3.684078 4.254967 -1.33498 16.0444
3.684078 4.254967 -1.33498 16.0444
3.684078 4.254967 -1.33498 16.0444
3.684078 4.254967 -1.33498 16.0444
3.684078 4.254967 -1.33498 16.0444
3.684078 4.254967 -1.33498 16.0444
3.684078 4.254967 -1.33498 16.0444
3.684078 4.254967 -1.33498 16.0444
3.684078 4.254967 -1.33498 16.0444
3.684078 4.254967 -1.33498 16.0444
3.679095 4.232177 -1.471096 14.55384
3.632851 4.250882 -1.444347 16.29871
3.632851 4.250882 -1.444347 16.29871
3.632851 4.250882 -1.444347 16.29871
3.632851 4.250882 -1.444347 16.29871
3.632851 4.250882 -1.444347 16.29871
3.632851 4.250882 -1.444347 16.29871
3.632851 4.250882 -1.444347 16.29871
3.632851 4.250882 -1.444347 16.29871
3.632851 4.250882 -1.444347 16.29871
3.632851 4.250882 -1.444347 16.29871
3.673612 4.237647 -1.429412 16.13474
3.673612 4.237647 -1.429412 16.13474
3.673612 4.237647 -1.429412 16.13474
3.673612 4.237647 -1.429412 16.13474
3.673612 4.237647 -1.429412 16.13474
3.660939 4.2365 -1.317561 16.15524
3.660939 4.2365 -1.317561 16.15524
3.660939 4.2365 -1.317561 16.15524
3.660939 4.2365 -1.317561 16.15524
3.660939 4.2365 -1.317561 16.15524
3.660939 4.2365 -1.317561 16.15524
3.660939 4.2365 -1.317561 16.15524
3.660939 4.2365 -1.317561 16.15524
3.660939 4.2365 -1.317561 16.15524
3.664756 4.242642 -1.244614 15.9518
3.664756 4.242642 -1.244614 15.9518
3.664756 4.242642 -1.244614 15.9518
3.664756 4.242642 -1.244614 15.9518
3.644904 4.2508 -1.285885 16.17653
3.644904 4.2508 -1.285885 16.17653
3.644904 4.2508 -1.285885 16.17653
3.644904 4.2508 -1.285885 16.17653
3.644904 4.2508 -1.285885 16.17653
3.644904 4.2508 -1.285885 16.17653
3.644904 4.2508 -1.285885 16.17653
3.661983 4.247731 -1.393715 17.192
3.661983 4.247731 -1.393715 17.192
3.661983 4.247731 -1.393715 17.192
3.661983 4.247731 -1.393715 17.192
3.661983 4.247731 -1.393715 17.192
3.661983 4.247731 -1.393715 17.192
3.661983 4.247731 -1.393715 17.192
3.661983 4.247731 -1.393715 17.192
3.661983 4.247731 -1.393715 17.192
3.661983 4.247731 -1.393715 17.192
3.661983 4.247731 -1.393715 17.192
3.661983 4.247731 -1.393715 17.192
3.661983 4.247731 -1.393715 17.192
3.661983 4.247731 -1.393715 17.192
3.661983 4.247731 -1.393715 17.192
3.661983 4.247731 -1.393715 17.192
3.661983 4.247731 -1.393715 17.192
3.661983 4.247731 -1.393715 17.192
3.661983 4.247731 -1.393715 17.192
3.664053 4.265849 -1.460083 16.25052
3.664053 4.265849 -1.460083 16.25052
3.664053 4.265849 -1.460083 16.25052
3.664053 4.265849 -1.460083 16.25052
3.664053 4.265849 -1.460083 16.25052
3.664053 4.265849 -1.460083 16.25052
3.664053 4.265849 -1.460083 16.25052
3.664053 4.265849 -1.460083 16.25052
3.664053 4.265849 -1.460083 16.25052
3.652235 4.230259 -1.543947 16.16903
3.652235 4.230259 -1.543947 16.16903
3.652235 4.230259 -1.543947 16.16903
3.652235 4.230259 -1.543947 16.16903
3.652235 4.230259 -1.543947 16.16903
3.652235 4.230259 -1.543947 16.16903
3.652235 4.230259 -1.543947 16.16903
3.652235 4.230259 -1.543947 16.16903
3.652235 4.230259 -1.543947 16.16903
3.652235 4.230259 -1.543947 16.16903
3.652235 4.230259 -1.543947 16.16903
3.693354 4.262361 -1.574723 15.26531
3.666986 4.269208 -1.555538 15.6871
3.666986 4.269208 -1.555538 15.6871
3.666986 4.269208 -1.555538 15.6871
3.645462 4.239554 -1.816696 16.39111
3.645462 4.239554 -1.816696 16.39111
3.645462 4.239554 -1.816696 16.39111
3.645462 4.239554 -1.816696 16.39111
3.645462 4.239554 -1.816696 16.39111
3.645462 4.239554 -1.816696 16.39111
3.645462 4.239554 -1.816696 16.39111
3.645462 4.239554 -1.816696 16.39111
3.645462 4.239554 -1.816696 16.39111
3.645462 4.239554 -1.816696 16.39111
3.645462 4.239554 -1.816696 16.39111
3.645462 4.239554 -1.816696 16.39111
3.645462 4.239554 -1.816696 16.39111
3.645462 4.239554 -1.816696 16.39111
3.661245 4.240767 -1.8474 16.26348
3.661245 4.240767 -1.8474 16.26348
3.661245 4.240767 -1.8474 16.26348
3.661245 4.240767 -1.8474 16.26348
3.657095 4.230773 -1.773439 14.77157
3.657095 4.230773 -1.773439 14.77157
3.657095 4.230773 -1.773439 14.77157
3.657095 4.230773 -1.773439 14.77157
3.657095 4.230773 -1.773439 14.77157
3.657095 4.230773 -1.773439 14.77157
3.657095 4.230773 -1.773439 14.77157
3.657095 4.230773 -1.773439 14.77157
3.657095 4.230773 -1.773439 14.77157
3.657095 4.230773 -1.773439 14.77157
3.654328 4.246382 -1.554337 17.81726
3.654328 4.246382 -1.554337 17.81726
3.679126 4.260418 -1.526386 16.74071
3.679126 4.260418 -1.526386 16.74071
3.679126 4.260418 -1.526386 16.74071
3.679126 4.260418 -1.526386 16.74071
3.679126 4.260418 -1.526386 16.74071
3.660705 4.249264 -1.615014 17.90693
3.660705 4.249264 -1.615014 17.90693
3.660705 4.249264 -1.615014 17.90693
3.660705 4.249264 -1.615014 17.90693
3.660705 4.249264 -1.615014 17.90693
3.660705 4.249264 -1.615014 17.90693
3.660705 4.249264 -1.615014 17.90693
3.660705 4.249264 -1.615014 17.90693
3.660705 4.249264 -1.615014 17.90693
3.660705 4.249264 -1.615014 17.90693
3.660705 4.249264 -1.615014 17.90693
3.665989 4.256324 -1.622859 17.52229
3.665989 4.256324 -1.622859 17.52229
3.665989 4.256324 -1.622859 17.52229
3.665989 4.256324 -1.622859 17.52229
3.665989 4.256324 -1.622859 17.52229
3.665989 4.256324 -1.622859 17.52229
3.622076 4.248462 -1.472005 15.49086
3.622076 4.248462 -1.472005 15.49086
3.622076 4.248462 -1.472005 15.49086
3.622076 4.248462 -1.472005 15.49086
3.622076 4.248462 -1.472005 15.49086
3.622076 4.248462 -1.472005 15.49086
3.622076 4.248462 -1.472005 15.49086
3.622076 4.248462 -1.472005 15.49086
3.622076 4.248462 -1.472005 15.49086
3.622076 4.248462 -1.472005 15.49086
3.649231 4.2471 -1.339448 16.76063
3.649231 4.2471 -1.339448 16.76063
3.688051 4.252253 -1.329367 15.70387
3.688051 4.252253 -1.329367 15.70387
3.688051 4.252253 -1.329367 15.70387
3.688051 4.252253 -1.329367 15.70387
3.688051 4.252253 -1.329367 15.70387
3.688051 4.252253 -1.329367 15.70387
3.688051 4.252253 -1.329367 15.70387
3.688051 4.252253 -1.329367 15.70387
3.688051 4.252253 -1.329367 15.70387
3.688051 4.252253 -1.329367 15.70387
3.688051 4.252253 -1.329367 15.70387
3.664527 4.235081 -1.178756 14.92442
3.621354 4.232232 -1.148772 14.08303
3.621354 4.232232 -1.148772 14.08303
3.621354 4.232232 -1.148772 14.08303
3.621354 4.232232 -1.148772 14.08303
3.621354 4.232232 -1.148772 14.08303
3.649833 4.23924 -1.031642 13.89491
3.649833 4.23924 -1.031642 13.89491
3.649833 4.23924 -1.031642 13.89491
3.649833 4.23924 -1.031642 13.89491
3.649833 4.23924 -1.031642 13.89491
3.649833 4.23924 -1.031642 13.89491
3.649833 4.23924 -1.031642 13.89491
3.649833 4.23924 -1.031642 13.89491
3.649833 4.23924 -1.031642 13.89491
3.653815 4.224093 -1.146826 13.78289
3.660387 4.232931 -1.252089 15.39033
3.660387 4.232931 -1.252089 15.39033
3.689552 4.263202 -1.147166 14.28959
3.689552 4.263202 -1.147166 14.28959
3.657303 4.234621 -1.254334 15.64519
3.657303 4.234621 -1.254334 15.64519
3.657303 4.234621 -1.254334 15.64519
3.649598 4.278673 -1.230935 13.10328
3.694765 4.281779 -1.388585 12.90815
3.694765 4.281779 -1.388585 12.90815
3.694765 4.281779 -1.388585 12.90815
3.694765 4.281779 -1.388585 12.90815
3.694765 4.281779 -1.388585 12.90815
3.694765 4.281779 -1.388585 12.90815
3.694765 4.281779 -1.388585 12.90815
3.694765 4.281779 -1.388585 12.90815
3.694765 4.281779 -1.388585 12.90815
3.695368 4.233788 -1.310707 12.72406
3.670912 4.24448 -1.306909 16.31186
3.670912 4.24448 -1.306909 16.31186
3.670912 4.24448 -1.306909 16.31186
3.670912 4.24448 -1.306909 16.31186
3.635765 4.248337 -1.535529 16.8266
3.626586 4.254012 -1.434359 15.46343
3.626586 4.254012 -1.434359 15.46343
3.626586 4.254012 -1.434359 15.46343
3.626586 4.254012 -1.434359 15.46343
3.626586 4.254012 -1.434359 15.46343
3.633171 4.236914 -1.341792 16.04458
3.617405 4.242529 -1.527806 15.16241
3.617405 4.242529 -1.527806 15.16241
3.617405 4.242529 -1.527806 15.16241
3.634314 4.231754 -1.574199 16.09571
3.665084 4.267276 -1.532931 16.06781
3.665084 4.267276 -1.532931 16.06781
3.665084 4.267276 -1.532931 16.06781
3.665084 4.267276 -1.532931 16.06781
3.665084 4.267276 -1.532931 16.06781
3.665084 4.267276 -1.532931 16.06781
3.665084 4.267276 -1.532931 16.06781
3.665084 4.267276 -1.532931 16.06781
3.665084 4.267276 -1.532931 16.06781
3.665084 4.267276 -1.532931 16.06781
3.665084 4.267276 -1.532931 16.06781
3.681966 4.250953 -1.566034 16.77848
3.681966 4.250953 -1.566034 16.77848
3.681966 4.250953 -1.566034 16.77848
3.681966 4.250953 -1.566034 16.77848
3.681966 4.250953 -1.566034 16.77848
3.681966 4.250953 -1.566034 16.77848
3.681966 4.250953 -1.566034 16.77848
3.681966 4.250953 -1.566034 16.77848
3.681966 4.250953 -1.566034 16.77848
3.681966 4.250953 -1.566034 16.77848
3.681966 4.250953 -1.566034 16.77848
3.681966 4.250953 -1.566034 16.77848
3.681966 4.250953 -1.566034 16.77848
3.681966 4.250953 -1.566034 16.77848
3.681966 4.250953 -1.566034 16.77848
3.681966 4.250953 -1.566034 16.77848
3.681966 4.250953 -1.566034 16.77848
3.681966 4.250953 -1.566034 16.77848
3.643716 4.245106 -1.784319 16.82668
3.659942 4.251873 -1.760412 17.45914
3.659942 4.251873 -1.760412 17.45914
3.659942 4.251873 -1.760412 17.45914
3.659942 4.251873 -1.760412 17.45914
3.659942 4.251873 -1.760412 17.45914
3.659942 4.251873 -1.760412 17.45914
3.659942 4.251873 -1.760412 17.45914
3.659942 4.251873 -1.760412 17.45914
3.659942 4.251873 -1.760412 17.45914
3.659942 4.251873 -1.760412 17.45914
3.659942 4.251873 -1.760412 17.45914
3.659942 4.251873 -1.760412 17.45914
3.659942 4.251873 -1.760412 17.45914
3.659942 4.251873 -1.760412 17.45914
3.659942 4.251873 -1.760412 17.45914
3.659942 4.251873 -1.760412 17.45914
3.659942 4.251873 -1.760412 17.45914
3.659942 4.251873 -1.760412 17.45914
3.659942 4.251873 -1.760412 17.45914
3.659942 4.251873 -1.760412 17.45914
3.659942 4.251873 -1.760412 17.45914
3.659942 4.251873 -1.760412 17.45914
3.659942 4.251873 -1.760412 17.45914
3.659942 4.251873 -1.760412 17.45914
3.655332 4.259323 -1.572859 17.0359
3.655332 4.259323 -1.572859 17.0359
3.655332 4.259323 -1.572859 17.0359
3.655332 4.259323 -1.572859 17.0359
3.655332 4.259323 -1.572859 17.0359
3.676517 4.236992 -1.420384 15.76621
3.676517 4.236992 -1.420384 15.76621
3.641058 4.235235 -1.553183 16.8483
3.641058 4.235235 -1.553183 16.8483
3.636233 4.252121 -1.380087 16.23987
3.636233 4.252121 -1.380087 16.23987
3.636233 4.252121 -1.380087 16.23987
3.636233 4.252121 -1.380087 16.23987
3.636233 4.252121 -1.380087 16.23987
3.636233 4.252121 -1.380087 16.23987
3.636233 4.252121 -1.380087 16.23987
3.636233 4.252121 -1.380087 16.23987
3.636233 4.252121 -1.380087 16.23987
3.636233 4.252121 -1.380087 16.23987
3.636233 4.252121 -1.380087 16.23987
3.636233 4.252121 -1.380087 16.23987
3.636233 4.252121 -1.380087 16.23987
3.636233 4.252121 -1.380087 16.23987
3.636233 4.252121 -1.380087 16.23987
3.636233 4.252121 -1.380087 16.23987
3.636233 4.252121 -1.380087 16.23987
3.636233 4.252121 -1.380087 16.23987
3.636233 4.252121 -1.380087 16.23987
3.652878 4.236693 -1.294554 16.14644
3.652878 4.236693 -1.294554 16.14644
3.652878 4.236693 -1.294554 16.14644
3.652878 4.236693 -1.294554 16.14644
3.652878 4.236693 -1.294554 16.14644
3.652878 4.236693 -1.294554 16.14644
3.652878 4.236693 -1.294554 16.14644
3.652878 4.236693 -1.294554 16.14644
3.652878 4.236693 -1.294554 16.14644
3.652878 4.236693 -1.294554 16.14644
3.652878 4.236693 -1.294554 16.14644
3.652878 4.236693 -1.294554 16.14644
3.658427 4.247094 -1.1794 15.55359
3.658427 4.247094 -1.1794 15.55359
3.658427 4.247094 -1.1794 15.55359
3.658427 4.247094 -1.1794 15.55359
3.658427 4.247094 -1.1794 15.55359
3.658427 4.247094 -1.1794 15.55359
3.642983 4.248064 -1.221326 15.68766
3.642983 4.248064 -1.221326 15.68766
3.642983 4.248064 -1.221326 15.68766
3.642983 4.248064 -1.221326 15.68766
3.642983 4.248064 -1.221326 15.68766
3.642983 4.248064 -1.221326 15.68766
3.66893 4.244771 -1.251076 15.98128
3.66893 4.244771 -1.251076 15.98128
3.66893 4.244771 -1.251076 15.98128
3.66893 4.244771 -1.251076 15.98128
3.66893 4.244771 -1.251076 15.98128
3.66893 4.244771 -1.251076 15.98128
3.66893 4.244771 -1.251076 15.98128
3.66893 4.244771 -1.251076 15.98128
3.66893 4.244771 -1.251076 15.98128
3.66893 4.244771 -1.251076 15.98128
3.66893 4.244771 -1.251076 15.98128
3.66893 4.244771 -1.251076 15.98128
3.66893 4.244771 -1.251076 15.98128
3.66893 4.244771 -1.251076 15.98128
3.738172 4.26988 -1.174823 9.106062
3.738172 4.26988 -1.174823 9.106062
3.738172 4.26988 -1.174823 9.106062
3.738172 4.26988 -1.174823 9.106062
3.746055 4.270715 -1.049176 8.070733
3.590357 4.215281 -1.109361 11.03827
3.590357 4.215281 -1.109361 11.03827
3.590357 4.215281 -1.109361 11.03827
3.590357 4.215281 -1.109361 11.03827
3.590357 4.215281 -1.109361 11.03827
3.590357 4.215281 -1.109361 11.03827
3.590357 4.215281 -1.109361 11.03827
3.66142 4.212086 -1.015701 10.82587
3.66142 4.212086 -1.015701 10.82587
3.66142 4.212086 -1.015701 10.82587
3.597236 4.232182 -1.045955 12.0669
3.57834 4.240484 -1.228509 10.99804
3.57834 4.240484 -1.228509 10.99804
3.57834 4.240484 -1.228509 10.99804
3.57834 4.240484 -1.228509 10.99804
3.614298 4.220992 -1.308269 13.54254
3.614298 4.220992 -1.308269 13.54254
3.614298 4.220992 -1.308269 13.54254
3.703545 4.260089 -1.252652 14.01412
3.679113 4.237014 -1.215583 14.66106
3.643245 4.241736 -1.244842 15.89185
3.643245 4.241736 -1.244842 15.89185
3.643245 4.241736 -1.244842 15.89185
3.643245 4.241736 -1.244842 15.89185
3.643245 4.241736 -1.244842 15.89185
3.643245 4.241736 -1.244842 15.89185
3.643245 4.241736 -1.244842 15.89185
3.643245 4.241736 -1.244842 15.89185
3.643245 4.241736 -1.244842 15.89185
3.643245 4.241736 -1.244842 15.89185
3.643245 4.241736 -1.244842 15.89185
3.643245 4.241736 -1.244842 15.89185
3.628267 4.255064 -1.421296 15.49765
3.628267 4.255064 -1.421296 15.49765
3.628267 4.255064 -1.421296 15.49765
3.628267 4.255064 -1.421296 15.49765
3.628267 4.255064 -1.421296 15.49765
3.615618 4.246141 -1.394054 14.90273
3.615618 4.246141 -1.394054 14.90273
3.615618 4.246141 -1.394054 14.90273
3.643551 4.244136 -1.345845 16.64943
3.643551 4.244136 -1.345845 16.64943
3.643551 4.244136 -1.345845 16.64943
3.640882 4.240347 -1.369153 16.62899
3.640882 4.240347 -1.369153 16.62899
3.686445 4.271212 -1.464863 15.06424
3.686445 4.271212 -1.464863 15.06424
3.686445 4.271212 -1.464863 15.06424
3.684921 4.242857 -1.582549 15.59818
3.684921 4.242857 -1.582549 15.59818
3.684921 4.242857 -1.582549 15.59818
3.637324 4.254508 -1.597121 16.37498
3.637324 4.254508 -1.597121 16.37498
3.637324 4.254508 -1.597121 16.37498
3.638507 4.225658 -1.714911 14.12105
3.638507 4.225658 -1.714911 14.12105
3.663335 4.246741 -1.824193 17.02694
3.663335 4.246741 -1.824193 17.02694
3.663335 4.246741 -1.824193 17.02694
3.663335 4.246741 -1.824193 17.02694
3.663335 4.246741 -1.824193 17.02694
3.663335 4.246741 -1.824193 17.02694
3.663335 4.246741 -1.824193 17.02694
3.663335 4.246741 -1.824193 17.02694
3.663335 4.246741 -1.824193 17.02694
3.663335 4.246741 -1.824193 17.02694
3.663335 4.246741 -1.824193 17.02694
3.663335 4.246741 -1.824193 17.02694
3.663335 4.246741 -1.824193 17.02694
3.663335 4.246741 -1.824193 17.02694
3.663335 4.246741 -1.824193 17.02694
3.663335 4.246741 -1.824193 17.02694
3.663335 4.246741 -1.824193 17.02694
3.663335 4.246741 -1.824193 17.02694
3.663335 4.246741 -1.824193 17.02694
3.663335 4.246741 -1.824193 17.02694
3.663335 4.246741 -1.824193 17.02694
3.663335 4.246741 -1.824193 17.02694
3.663335 4.246741 -1.824193 17.02694
3.663335 4.246741 -1.824193 17.02694
3.663335 4.246741 -1.824193 17.02694
3.663335 4.246741 -1.824193 17.02694
3.663335 4.246741 -1.824193 17.02694
3.663335 4.246741 -1.824193 17.02694
3.663335 4.246741 -1.824193 17.02694
3.663335 4.246741 -1.824193 17.02694
3.663335 4.246741 -1.824193 17.02694
3.663335 4.246741 -1.824193 17.02694
3.663335 4.246741 -1.824193 17.02694
3.663335 4.246741 -1.824193 17.02694
3.663335 4.246741 -1.824193 17.02694
3.663335 4.246741 -1.824193 17.02694
3.663335 4.246741 -1.824193 17.02694
3.663335 4.246741 -1.824193 17.02694
3.663335 4.246741 -1.824193 17.02694
3.663335 4.246741 -1.824193 17.02694
3.663335 4.246741 -1.824193 17.02694
3.663335 4.246741 -1.824193 17.02694
3.663335 4.246741 -1.824193 17.02694
3.663335 4.246741 -1.824193 17.02694
3.663335 4.246741 -1.824193 17.02694
3.663335 4.246741 -1.824193 17.02694
3.663335 4.246741 -1.824193 17.02694
3.663335 4.246741 -1.824193 17.02694
3.663335 4.246741 -1.824193 17.02694
3.663335 4.246741 -1.824193 17.02694
3.663335 4.246741 -1.824193 17.02694
3.663335 4.246741 -1.824193 17.02694
3.663335 4.246741 -1.824193 17.02694
3.663335 4.246741 -1.824193 17.02694
3.663335 4.246741 -1.824193 17.02694
3.663335 4.246741 -1.824193 17.02694
3.672179 4.24708 -1.77046 16.83969
3.672179 4.24708 -1.77046 16.83969
3.672179 4.24708 -1.77046 16.83969
3.672179 4.24708 -1.77046 16.83969
3.672179 4.24708 -1.77046 16.83969
3.672179 4.24708 -1.77046 16.83969
3.672179 4.24708 -1.77046 16.83969
3.651127 4.253606 -1.741928 17.09356
3.655428 4.243354 -1.699157 17.66565
3.655428 4.243354 -1.699157 17.66565
3.655428 4.243354 -1.699157 17.66565
3.655428 4.243354 -1.699157 17.66565
3.659217 4.242418 -1.696033 17.56113
3.659217 4.242418 -1.696033 17.56113
3.659217 4.242418 -1.696033 17.56113
3.659217 4.242418 -1.696033 17.56113
3.659217 4.242418 -1.696033 17.56113
3.659217 4.242418 -1.696033 17.56113
3.659217 4.242418 -1.696033 17.56113
3.659217 4.242418 -1.696033 17.56113
3.659217 4.242418 -1.696033 17.56113
3.659217 4.242418 -1.696033 17.56113
3.659217 4.242418 -1.696033 17.56113
3.659217 4.242418 -1.696033 17.56113
3.659217 4.242418 -1.696033 17.56113
3.659217 4.242418 -1.696033 17.56113
3.659217 4.242418 -1.696033 17.56113
3.659217 4.242418 -1.696033 17.56113
3.659217 4.242418 -1.696033 17.56113
3.659217 4.242418 -1.696033 17.56113
3.654919 4.265866 -1.717604 15.11777
3.654919 4.265866 -1.717604 15.11777
3.654919 4.265866 -1.717604 15.11777
3.654919 4.265866 -1.717604 15.11777
3.654919 4.265866 -1.717604 15.11777
3.654919 4.265866 -1.717604 15.11777
3.637724 4.227419 -1.699137 14.74997
3.637724 4.227419 -1.699137 14.74997
3.637724 4.227419 -1.699137 14.74997
3.637724 4.227419 -1.699137 14.74997
3.637724 4.227419 -1.699137 14.74997
3.644228 4.231987 -1.802147 15.10289
3.644228 4.231987 -1.802147 15.10289
3.644228 4.231987 -1.802147 15.10289
3.644228 4.231987 -1.802147 15.10289
3.644228 4.231987 -1.802147 15.10289
3.647424 4.240766 -1.811072 16.6605
3.647424 4.240766 -1.811072 16.6605
3.647424 4.240766 -1.811072 16.6605
3.647424 4.240766 -1.811072 16.6605
3.647424 4.240766 -1.811072 16.6605
3.647424 4.240766 -1.811072 16.6605
3.647424 4.240766 -1.811072 16.6605
3.647424 4.240766 -1.811072 16.6605
3.647424 4.240766 -1.811072 16.6605
3.647424 4.240766 -1.811072 16.6605
3.647424 4.240766 -1.811072 16.6605
3.647424 4.240766 -1.811072 16.6605
3.647424 4.240766 -1.811072 16.6605
3.647424 4.240766 -1.811072 16.6605
3.647424 4.240766 -1.811072 16.6605
3.647424 4.240766 -1.811072 16.6605
3.647424 4.240766 -1.811072 16.6605
3.647424 4.240766 -1.811072 16.6605
3.647424 4.240766 -1.811072 16.6605
3.647424 4.240766 -1.811072 16.6605
3.647424 4.240766 -1.811072 16.6605
3.647424 4.240766 -1.811072 16.6605
3.647424 4.240766 -1.811072 16.6605
3.647424 4.240766 -1.811072 16.6605
3.647424 4.240766 -1.811072 16.6605
3.647424 4.240766 -1.811072 16.6605
3.647424 4.240766 -1.811072 16.6605
3.647424 4.240766 -1.811072 16.6605
3.647424 4.240766 -1.811072 16.6605
3.647424 4.240766 -1.811072 16.6605
3.647424 4.240766 -1.811072 16.6605
3.647424 4.240766 -1.811072 16.6605
3.647424 4.240766 -1.811072 16.6605
3.647424 4.240766 -1.811072 16.6605
3.647424 4.240766 -1.811072 16.6605
3.647424 4.240766 -1.811072 16.6605
3.647424 4.240766 -1.811072 16.6605
3.647424 4.240766 -1.811072 16.6605
3.647424 4.240766 -1.811072 16.6605
3.647424 4.240766 -1.811072 16.6605
3.647424 4.240766 -1.811072 16.6605
3.647424 4.240766 -1.811072 16.6605
3.647424 4.240766 -1.811072 16.6605
3.647424 4.240766 -1.811072 16.6605
3.647424 4.240766 -1.811072 16.6605
3.647424 4.240766 -1.811072 16.6605
3.647424 4.240766 -1.811072 16.6605
3.647424 4.240766 -1.811072 16.6605
3.647424 4.240766 -1.811072 16.6605
3.647424 4.240766 -1.811072 16.6605
3.647424 4.240766 -1.811072 16.6605
3.647424 4.240766 -1.811072 16.6605
3.647424 4.240766 -1.811072 16.6605
3.647424 4.240766 -1.811072 16.6605
3.647424 4.240766 -1.811072 16.6605
3.647424 4.240766 -1.811072 16.6605
3.647424 4.240766 -1.811072 16.6605
3.647424 4.240766 -1.811072 16.6605
3.647424 4.240766 -1.811072 16.6605
3.647424 4.240766 -1.811072 16.6605
3.647424 4.240766 -1.811072 16.6605
3.647424 4.240766 -1.811072 16.6605
3.616519 4.230641 -1.713614 13.20883
3.616519 4.230641 -1.713614 13.20883
3.616519 4.230641 -1.713614 13.20883
3.616519 4.230641 -1.713614 13.20883
3.626313 4.23074 -1.751332 14.09103
3.626313 4.23074 -1.751332 14.09103
3.626313 4.23074 -1.751332 14.09103
3.626313 4.23074 -1.751332 14.09103
3.626313 4.23074 -1.751332 14.09103
3.626313 4.23074 -1.751332 14.09103
3.626313 4.23074 -1.751332 14.09103
3.626313 4.23074 -1.751332 14.09103
3.626313 4.23074 -1.751332 14.09103
3.626313 4.23074 -1.751332 14.09103
3.626313 4.23074 -1.751332 14.09103
3.626313 4.23074 -1.751332 14.09103
3.626313 4.23074 -1.751332 14.09103
3.626313 4.23074 -1.751332 14.09103
3.626313 4.23074 -1.751332 14.09103
3.626313 4.23074 -1.751332 14.09103
3.626313 4.23074 -1.751332 14.09103
3.626313 4.23074 -1.751332 14.09103
3.626313 4.23074 -1.751332 14.09103
3.626313 4.23074 -1.751332 14.09103
3.684031 4.271418 -1.736644 13.50919
3.684031 4.271418 -1.736644 13.50919
3.684031 4.271418 -1.736644 13.50919
3.631851 4.22528 -1.836663 11.88167
3.625233 4.227491 -1.900889 10.53592
3.625233 4.227491 -1.900889 10.53592
3.625233 4.227491 -1.900889 10.53592
3.664886 4.254718 -1.764024 17.2064
3.664886 4.254718 -1.764024 17.2064
3.664886 4.254718 -1.764024 17.2064
3.664886 4.254718 -1.764024 17.2064
3.664886 4.254718 -1.764024 17.2064
3.664886 4.254718 -1.764024 17.2064
3.664886 4.254718 -1.764024 17.2064
3.664886 4.254718 -1.764024 17.2064
3.664886 4.254718 -1.764024 17.2064
3.664886 4.254718 -1.764024 17.2064
3.664886 4.254718 -1.764024 17.2064
3.664886 4.254718 -1.764024 17.2064
3.664886 4.254718 -1.764024 17.2064
3.664886 4.254718 -1.764024 17.2064
3.664886 4.254718 -1.764024 17.2064
3.650021 4.240178 -1.717926 17.28588
3.650021 4.240178 -1.717926 17.28588
3.650021 4.240178 -1.717926 17.28588
3.650021 4.240178 -1.717926 17.28588
3.650021 4.240178 -1.717926 17.28588
3.650021 4.240178 -1.717926 17.28588
3.650021 4.240178 -1.717926 17.28588
3.650021 4.240178 -1.717926 17.28588
3.650021 4.240178 -1.717926 17.28588
3.650021 4.240178 -1.717926 17.28588
3.650021 4.240178 -1.717926 17.28588
3.650021 4.240178 -1.717926 17.28588
3.650021 4.240178 -1.717926 17.28588
3.650021 4.240178 -1.717926 17.28588
3.650021 4.240178 -1.717926 17.28588
3.650021 4.240178 -1.717926 17.28588
3.650021 4.240178 -1.717926 17.28588
3.650021 4.240178 -1.717926 17.28588
3.650021 4.240178 -1.717926 17.28588
3.650021 4.240178 -1.717926 17.28588
3.650021 4.240178 -1.717926 17.28588
3.672605 4.252437 -1.79429 16.78184
3.679625 4.261213 -1.665441 16.37809
3.679625 4.261213 -1.665441 16.37809
3.679625 4.261213 -1.665441 16.37809
3.679625 4.261213 -1.665441 16.37809
3.679625 4.261213 -1.665441 16.37809
3.679625 4.261213 -1.665441 16.37809
3.679625 4.261213 -1.665441 16.37809
3.679625 4.261213 -1.665441 16.37809
3.679625 4.261213 -1.665441 16.37809
3.679625 4.261213 -1.665441 16.37809
3.679625 4.261213 -1.665441 16.37809
3.679625 4.261213 -1.665441 16.37809
3.679625 4.261213 -1.665441 16.37809
3.679625 4.261213 -1.665441 16.37809
3.679625 4.261213 -1.665441 16.37809
3.679625 4.261213 -1.665441 16.37809
3.679625 4.261213 -1.665441 16.37809
3.679625 4.261213 -1.665441 16.37809
3.68525 4.256765 -1.539016 16.4901
3.68525 4.256765 -1.539016 16.4901
3.68525 4.256765 -1.539016 16.4901
3.68525 4.256765 -1.539016 16.4901
3.68525 4.256765 -1.539016 16.4901
3.68525 4.256765 -1.539016 16.4901
3.68525 4.256765 -1.539016 16.4901
3.68525 4.256765 -1.539016 16.4901
3.68525 4.256765 -1.539016 16.4901
3.68525 4.256765 -1.539016 16.4901
3.68525 4.256765 -1.539016 16.4901
3.68525 4.256765 -1.539016 16.4901
3.68525 4.256765 -1.539016 16.4901
3.68525 4.256765 -1.539016 16.4901
3.68525 4.256765 -1.539016 16.4901
3.68525 4.256765 -1.539016 16.4901
3.68525 4.256765 -1.539016 16.4901
3.68525 4.256765 -1.539016 16.4901
3.68525 4.256765 -1.539016 16.4901
3.644763 4.241954 -1.455258 17.21103
3.643033 4.235446 -1.382404 16.49368
3.643033 4.235446 -1.382404 16.49368
3.643033 4.235446 -1.382404 16.49368
3.643033 4.235446 -1.382404 16.49368
3.643033 4.235446 -1.382404 16.49368
3.671155 4.244559 -1.2751 16.0808
3.671155 4.244559 -1.2751 16.0808
3.709415 4.247959 -1.25567 12.68271
3.709415 4.247959 -1.25567 12.68271
3.709415 4.247959 -1.25567 12.68271
3.704008 4.231302 -1.164962 10.89318
3.704008 4.231302 -1.164962 10.89318
3.71695 4.264238 -1.016266 11.48901
3.71695 4.264238 -1.016266 11.48901
3.71695 4.264238 -1.016266 11.48901
3.71695 4.264238 -1.016266 11.48901
3.68566 4.229384 -0.9329599 11.26247
3.68566 4.229384 -0.9329599 11.26247
3.68566 4.229384 -0.9329599 11.26247
3.68566 4.229384 -0.9329599 11.26247
3.682611 4.220173 -1.019103 10.84893
3.682611 4.220173 -1.019103 10.84893
3.682611 4.220173 -1.019103 10.84893
3.654992 4.224657 -1.012982 12.7478
3.654992 4.224657 -1.012982 12.7478
3.654992 4.224657 -1.012982 12.7478
3.659835 4.278125 -1.062622 12.63212
3.659835 4.278125 -1.062622 12.63212
3.659835 4.278125 -1.062622 12.63212
3.659835 4.278125 -1.062622 12.63212
3.635115 4.264704 -1.299112 14.57912
3.635115 4.264704 -1.299112 14.57912
3.635115 4.264704 -1.299112 14.57912
3.635115 4.264704 -1.299112 14.57912
3.635115 4.264704 -1.299112 14.57912
3.635115 4.264704 -1.299112 14.57912
3.635115 4.264704 -1.299112 14.57912
3.635115 4.264704 -1.299112 14.57912
3.635115 4.264704 -1.299112 14.57912
3.628702 4.235562 -1.203181 14.92573
3.628702 4.235562 -1.203181 14.92573
3.628702 4.235562 -1.203181 14.92573
3.678615 4.281813 -1.164 12.98004
3.623 4.23051 -0.9935644 12.73694
3.623 4.23051 -0.9935644 12.73694
3.688354 4.245517 -1.014618 13.06326
3.688354 4.245517 -1.014618 13.06326
3.659386 4.217971 -0.9384268 11.24187
3.709349 4.269966 -0.9244107 11.20837
3.646171 4.274683 -0.8927164 11.16877
3.632169 4.262881 -0.7756101 10.23912
3.632169 4.262881 -0.7756101 10.23912
3.632169 4.262881 -0.7756101 10.23912
3.632169 4.262881 -0.7756101 10.23912
3.649293 4.227133 -0.884246 11.70437
3.649293 4.227133 -0.884246 11.70437
3.644199 4.248843 -0.9275827 12.71129
3.644199 4.248843 -0.9275827 12.71129
3.652648 4.266782 -1.032827 13.27129
3.652648 4.266782 -1.032827 13.27129
3.652648 4.266782 -1.032827 13.27129
3.652648 4.266782 -1.032827 13.27129
3.652648 4.266782 -1.032827 13.27129
3.652648 4.266782 -1.032827 13.27129
3.652648 4.266782 -1.032827 13.27129
3.646632 4.248174 -1.0095 13.69394
3.546054 4.245333 -0.9872312 7.751072
3.546054 4.245333 -0.9872312 7.751072
3.546054 4.245333 -0.9872312 7.751072
3.610389 4.260377 -1.158035 12.65617
3.59254 4.239112 -1.189005 12.44126
3.59254 4.239112 -1.189005 12.44126
3.59254 4.239112 -1.189005 12.44126
3.615551 4.238101 -1.136925 13.84888
3.615551 4.238101 -1.136925 13.84888
3.615551 4.238101 -1.136925 13.84888
3.615551 4.238101 -1.136925 13.84888
3.615551 4.238101 -1.136925 13.84888
3.691258 4.251929 -1.06403 13.58035
3.691258 4.251929 -1.06403 13.58035
3.690544 4.239764 -1.105543 13.3251
3.690544 4.239764 -1.105543 13.3251
3.690544 4.239764 -1.105543 13.3251
3.690544 4.239764 -1.105543 13.3251
3.687093 4.264416 -1.368966 15.64232
3.67073 4.259632 -1.207476 15.46026
3.67073 4.259632 -1.207476 15.46026
3.67073 4.259632 -1.207476 15.46026
3.67073 4.259632 -1.207476 15.46026
3.657429 4.26982 -1.232202 14.66091
3.657429 4.26982 -1.232202 14.66091
3.657429 4.26982 -1.232202 14.66091
3.647329 4.236657 -1.324079 16.32345
3.647329 4.236657 -1.324079 16.32345
3.647329 4.236657 -1.324079 16.32345
3.647329 4.236657 -1.324079 16.32345
3.647329 4.236657 -1.324079 16.32345
3.64464 4.262499 -1.377078 15.73611
3.64464 4.262499 -1.377078 15.73611
3.650417 4.251258 -1.399831 17.05525
3.650417 4.251258 -1.399831 17.05525
3.650417 4.251258 -1.399831 17.05525
3.650417 4.251258 -1.399831 17.05525
3.650417 4.251258 -1.399831 17.05525
3.652296 4.239021 -1.468937 17.24067
3.652296 4.239021 -1.468937 17.24067
3.652296 4.239021 -1.468937 17.24067
3.652296 4.239021 -1.468937 17.24067
3.652296 4.239021 -1.468937 17.24067
3.652296 4.239021 -1.468937 17.24067
3.652296 4.239021 -1.468937 17.24067
3.652296 4.239021 -1.468937 17.24067
3.67498 4.246652 -1.609143 17.17774
3.67498 4.246652 -1.609143 17.17774
3.67498 4.246652 -1.609143 17.17774
3.67498 4.246652 -1.609143 17.17774
3.67498 4.246652 -1.609143 17.17774
3.67498 4.246652 -1.609143 17.17774
3.67498 4.246652 -1.609143 17.17774
3.67498 4.246652 -1.609143 17.17774
3.656691 4.235779 -1.646099 16.88861
3.656691 4.235779 -1.646099 16.88861
3.656691 4.235779 -1.646099 16.88861
3.656691 4.235779 -1.646099 16.88861
3.656691 4.235779 -1.646099 16.88861
3.656691 4.235779 -1.646099 16.88861
3.656691 4.235779 -1.646099 16.88861
3.656691 4.235779 -1.646099 16.88861
3.656691 4.235779 -1.646099 16.88861
3.656691 4.235779 -1.646099 16.88861
3.656691 4.235779 -1.646099 16.88861
3.656691 4.235779 -1.646099 16.88861
3.656691 4.235779 -1.646099 16.88861
3.656691 4.235779 -1.646099 16.88861
3.656691 4.235779 -1.646099 16.88861
3.656691 4.235779 -1.646099 16.88861
3.656691 4.235779 -1.646099 16.88861
3.656691 4.235779 -1.646099 16.88861
3.656691 4.235779 -1.646099 16.88861
3.65087 4.243411 -1.392496 17.09132
3.65087 4.243411 -1.392496 17.09132
3.65087 4.243411 -1.392496 17.09132
3.651514 4.240382 -1.448554 17.2508
3.651514 4.240382 -1.448554 17.2508
3.651514 4.240382 -1.448554 17.2508
3.651514 4.240382 -1.448554 17.2508
3.651514 4.240382 -1.448554 17.2508
3.651514 4.240382 -1.448554 17.2508
3.651514 4.240382 -1.448554 17.2508
3.651514 4.240382 -1.448554 17.2508
3.651514 4.240382 -1.448554 17.2508
3.64207 4.228485 -1.260068 15.15858
3.64207 4.228485 -1.260068 15.15858
3.64207 4.228485 -1.260068 15.15858
3.64207 4.228485 -1.260068 15.15858
3.64207 4.228485 -1.260068 15.15858
3.64207 4.228485 -1.260068 15.15858
3.64207 4.228485 -1.260068 15.15858
3.636445 4.239426 -1.113247 14.52651
3.636445 4.239426 -1.113247 14.52651
3.636445 4.239426 -1.113247 14.52651
3.64019 4.244028 -1.135915 14.8844
3.64019 4.244028 -1.135915 14.8844
3.64019 4.244028 -1.135915 14.8844
3.627653 4.243957 -1.297806 15.59913
3.627653 4.243957 -1.297806 15.59913
3.665841 4.264819 -1.256143 15.4809
3.665841 4.264819 -1.256143 15.4809
3.665841 4.264819 -1.256143 15.4809
3.665841 4.264819 -1.256143 15.4809
3.657188 4.236005 -1.135829 14.77609
3.657188 4.236005 -1.135829 14.77609
3.657188 4.236005 -1.135829 14.77609
3.657188 4.236005 -1.135829 14.77609
3.657188 4.236005 -1.135829 14.77609
3.657188 4.236005 -1.135829 14.77609
3.685722 4.250746 -1.199453 15.00767
3.685722 4.250746 -1.199453 15.00767
3.627397 4.272666 -1.233586 12.7129
3.627397 4.272666 -1.233586 12.7129
3.627397 4.272666 -1.233586 12.7129
3.647289 4.255781 -1.35383 16.4312
3.647289 4.255781 -1.35383 16.4312
3.647289 4.255781 -1.35383 16.4312
3.647289 4.255781 -1.35383 16.4312
3.647289 4.255781 -1.35383 16.4312
3.647289 4.255781 -1.35383 16.4312
3.647289 4.255781 -1.35383 16.4312
3.647289 4.255781 -1.35383 16.4312
3.647289 4.255781 -1.35383 16.4312
3.647289 4.255781 -1.35383 16.4312
3.647289 4.255781 -1.35383 16.4312
3.647289 4.255781 -1.35383 16.4312
3.647289 4.255781 -1.35383 16.4312
3.647289 4.255781 -1.35383 16.4312
3.647289 4.255781 -1.35383 16.4312
3.648014 4.245236 -1.371239 16.93749
3.648766 4.254732 -1.303736 16.24474
3.648766 4.254732 -1.303736 16.24474
3.648766 4.254732 -1.303736 16.24474
3.648766 4.254732 -1.303736 16.24474
3.648766 4.254732 -1.303736 16.24474
3.648766 4.254732 -1.303736 16.24474
3.648766 4.254732 -1.303736 16.24474
3.648766 4.254732 -1.303736 16.24474
3.658734 4.255722 -1.319817 16.52057
3.658734 4.255722 -1.319817 16.52057
3.658734 4.255722 -1.319817 16.52057
3.633771 4.234209 -1.17123 14.79666
3.633771 4.234209 -1.17123 14.79666
3.633771 4.234209 -1.17123 14.79666
3.633771 4.234209 -1.17123 14.79666
3.633771 4.234209 -1.17123 14.79666
3.633771 4.234209 -1.17123 14.79666
3.63469 4.254919 -1.037127 13.49213
3.710882 4.258278 -1.056952 12.24063
3.710882 4.258278 -1.056952 12.24063
3.626375 4.218666 -0.9749497 11.89309
3.626375 4.218666 -0.9749497 11.89309
3.664656 4.24481 -1.009209 13.72468
3.664656 4.24481 -1.009209 13.72468
3.664656 4.24481 -1.009209 13.72468
3.641998 4.2353 -1.078204 14.1715
3.661956 4.263962 -1.264625 15.57942
3.661956 4.263962 -1.264625 15.57942
3.661956 4.263962 -1.264625 15.57942
3.663233 4.248823 -1.205499 15.77702
3.663233 4.248823 -1.205499 15.77702
3.663233 4.248823 -1.205499 15.77702
3.663233 4.248823 -1.205499 15.77702
3.663233 4.248823 -1.205499 15.77702
3.663233 4.248823 -1.205499 15.77702
3.663233 4.248823 -1.205499 15.77702
3.657133 4.257286 -1.213982 15.60965
3.657133 4.257286 -1.213982 15.60965
3.657133 4.257286 -1.213982 15.60965
3.668207 4.234524 -1.286099 15.4724
3.668207 4.234524 -1.286099 15.4724
3.668207 4.234524 -1.286099 15.4724
3.668207 4.234524 -1.286099 15.4724
3.668207 4.234524 -1.286099 15.4724
3.668207 4.234524 -1.286099 15.4724
3.668207 4.234524 -1.286099 15.4724
3.668207 4.234524 -1.286099 15.4724
3.668207 4.234524 -1.286099 15.4724
3.658164 4.249758 -1.397813 17.22045
3.658164 4.249758 -1.397813 17.22045
3.658164 4.249758 -1.397813 17.22045
3.658164 4.249758 -1.397813 17.22045
3.658164 4.249758 -1.397813 17.22045
3.658164 4.249758 -1.397813 17.22045
3.658164 4.249758 -1.397813 17.22045
3.658164 4.249758 -1.397813 17.22045
3.658164 4.249758 -1.397813 17.22045
3.658164 4.249758 -1.397813 17.22045
3.658164 4.249758 -1.397813 17.22045
3.658164 4.249758 -1.397813 17.22045
3.658164 4.249758 -1.397813 17.22045
3.658164 4.249758 -1.397813 17.22045
3.658164 4.249758 -1.397813 17.22045
3.658164 4.249758 -1.397813 17.22045
3.658164 4.249758 -1.397813 17.22045
3.658164 4.249758 -1.397813 17.22045
3.658164 4.249758 -1.397813 17.22045
3.658164 4.249758 -1.397813 17.22045
3.658164 4.249758 -1.397813 17.22045
3.658164 4.249758 -1.397813 17.22045
3.658164 4.249758 -1.397813 17.22045
3.658164 4.249758 -1.397813 17.22045
3.658164 4.249758 -1.397813 17.22045
